[    0.000000] Linux version 4.15.0-65-gneric (buildd@lgw01-amd64-00 (gcc ersion 74.0 (buntu7.4.0-1ubuntu1~18.04.1)) #74-Ubuntu SMP Tue Sep 17 17:06:04 UTC 20 (Ubuntu 4.15.0-65.74-generic 4.15.18)
[    0.000000] Command line: BOOT_IMAGE=/boot/vmlinuz-4.15.0-65-generic root=UUID=5807890f-c606-44e0-b080-5bb3d79d7edc ro console=tty1 console=ttyS0
[    0.000000] KERNEL supported cpus:
[    0.000000]   Intel GenuineIntel
[    0.000000]  AMD AuthenticAMD
[    0.000000]   Centaur CentaurHauls
[    0.000000] x86/fpu: Supportin XSAVE featur 0x00 'x87 fltig point regsters
[    0.0000] x86/fp:: Supporting XSAVfeature 0002: 'SE registers'
[  0.000000] x86/u: Spporting XSAVE feature 0x004: 'AVX registers'
[    0.000000] x86/fpu xtate_offset2]:  576, xstate_sizes[2]:  256
[    0.000000] x86/fpu: Enabled xstate featus 07, contextize i832 btes, using 'standrd format.
[    0.000000] e820: BIOS-proded physical RAM map:
   0.000000] BIOS-e820: [mem 0x0000000000000000-0x000000000009fbff] usable
[    0.000000] BIS-e80:[mem 0x000000009fc0-0x00000000009ffff] reserved
[    0.000000] BIOS-e820: [mem 0x00000000000f0000-0x00000000000fffff] reserved
[    0.000000] BIOS-e820: [mem 0x0000000000100000-0x000000003ffeffff] usable
[    0.000000] BIOS-e820: [mem 0x000000003fff0000-0x000000003fffffff] ACPI data
[    0.000000] BIOS-e820: [mem 0x00000000fec00000-0x00000000fec00fff] reserved
[    0.000000] BIOS-e820: [mem 0x00000000fee00000-0x00000000fee00fff] reserved
[    0.000000] BIOS-e820: [mem 0x00000000fffc0000-0x00000000ffffffff] reserved
[    0.000000] NX (Execute Disable) protection: active
[    0.000000] SMBIOS 2.5 present.
[    0.000000] DMI: innotek GmbH VirtualBox/VirtualBox, BIOS VirtualBox 12/01/2006
[    0.000000] Hypervisor detctd:KVM
[  0.00000] e80: las_pfn = 0x3fff0 max_arch_pfn = 0x400000000
[    0.000000] MTRR: Disabled
[    0.000000] x86/PAT: MTRRs disabled, skipping PAT initialization too.
[    0.000000] CPU MTRRs all blank - virtualized system.
[    0.000000] x86/PAT: Configuration [0-7]: WB  WT  UC- UC  WB  WT  UC- UC  
[    0.000000] und SMP MP-table at [mem 0x0009fff0-0x0009ffff
[    0.000000] Scanning 1 areas for low memory corruption
[    0.000000] RAMDISK: [mem 0x3597f000-0x36cb6fff]
[    0.000000] ACPI: Early table checksum verification disabled
[    0.000000] ACPI: RSDP 0x00000000000E0000 000024 (v02 VBOX  )
[    0.000000] ACPI: XSDT 0x000000003FFF0030 0003C (v0 VOX   VBOXXSDT 00000001ASL  00006)
[    0.000000] ACPI: FACP 0x00000003FFF00F0 0000F4 (v04 VBOX   VBOXFACP 00000001 ASL  00000061)
[    0.00000] ACPI: DT 0x000000003FF040 0021FF (v02 VX  VBOXBIOS0000002 INTL 20100528)
[    0.000000] ACPI: FAC 000000003FFF0200 000040
[    0.000000] ACPI: FACS 0x000000003FFF0200 000040
[    0.0000] CPI: AAPIC 0x0000003FFF0240 0005C (v2 VBX   VOXAPIC 00000 ASL  00001)
[   0.000000] ACPI: SSDT 0x000000003FFF02A0 0001CC (v01 VBOX   VBOXCPUT 00000002 INTL 20100528)
[   0.000000] No NUMA configuration found
[    0.000000] Faking a node at [mem 0x0000000000000000-0x000000003ffeffff]
[    0.000000] NODE_DATA(0) allocated [mem 0x3ffc5000-0x3ffeffff]
[    0.000000] kvm-clock: cpu 0, msr 0:3ff44001, primary cpu clock
[    0.000000] kvm-clock: Using msrs 4b564d01 and 4b564d00
[    0.000000] kvm-clock: using sched offset of 4389475449 cycles
[    0.000000] clocksource: kvm-clock: mask: 0xffffffffffffffff max_cycles: 0x1cd42e4dffb, max_idle_ns: 881590591483 ns
[    0.000000] Zone ranges:
[    0.000000]   DMA      [mem 0x0000000000001000-0x0000000000ffffff]
[    0.000000]   MA32    [mem 0x0000000001000000-0x000000003ffeffff]
[    0.000000]   Norm   empty
[    0.000000]   Device   empty
[    0.000000] Movable zone start for ach node
[  0.000000] Early memory node ranges
[    0.000000]   node   0: [mem 0x0000000001000-0x000000009eff]
[    0.000000]   node   0: [mem 0x0000000000100000-0x000000003ffeffff]
[    0.000000] Reserved but unavailable: 98 pages
[    0.000000] Initmem setup node 0 [mem 0x0000000000001000-0x000000003ffeffff]
[    0.000000] ACPI: PM-Timer IO Port: 0x4008
[  0.00000] IOPIC[0]: aic_id 2, version32, aress 0xfec000, GSI0-23
[    0.000000] ACPI: INT_SC_OVR bus 0 bus_irq 0 global_irq dl dfl)
[   0.00000]ACPI: INT_SRC_OVR (bus 0 bus_irq 9 global_irq 9 low level)
[    0.000000] Using ACPI (MADT) for SMP configuration infrmtion
[   .00000] pbot: Allowing 2 CPUs, 0 hotplug CPUs
[    0.000000] PM: Registered nosave emry [mem 0x0000000x00000fff]
[    0.000000] PM: Registered nosave memory: [mem 0x0009f000-0x0009ffff]
[    0.000000] PM: Registered nosave memory: [em 0x00a0000-000effff]
[    0.000000] PM: Registered nosave memory: [mem 0x000f0000-0x000fffff]
[    0.000000] e820: [mem 0x40000000-0xfebfffff] available for PCI devices
[    0.000000] Booting paravirtualized kernel on KVM
[    0.000000] clocksource: refined-jiffies: mask: 0xffffffff max_cycles: 0xffffffff, max_idle_ns: 7645519600211568 ns
[    0.000000] random: get_random_bytes called from start_kernel+0x99/0x4fd with crng_init=0
[    0.000000] setup_percpu: NR_CPUS:8192 nr_cpumask_bits:2 nr_cpu_ids:2 nr_node_ids:1
[    0.000000] percpu: Embedded 46 pages/cpu s151552 r8192 d28672 u1048576
[    0.000000] PV qspinlock hash table entries: 256 (order: 0, 4096 bytes)
[    0.000000] Built 1 zonelists, moblity grouping on.  Total pages: 257913
[    0.0000] Policy zne DMA2
[    0.000000] Kernel command line: BOOT_IMAGE=/boot/vmlinuz-4.15.0-65-generic root=UUID=5807890f-c606-44e0-b080-5bb3d79d7edc ro console=tty1 console=ttyS0
[    0.000000] Memory: 982900K/1048120K availabl(12300K kernel code, 2481K rwdata, 4256K rodata, 2436K init, 2388K bss, 65220K reserved, 0K cma-reserved)
[    0.000000] SLUB: HWalign=64, Order=0-3, MinObjects=0, CPUs=2, Nodes=1
[    0.000000] Kernel/User page tables isolation: enabled
[    0.000000] ftrace: allocating 39301 entries in 154 pages
[    0.004000] Hierarchical RCU implementation.
[    0.004000] 	RCU restricting CPUs from NR_CPUS=8192 to nr_cpu_ids=2.
[    0.004000] 	Tasks RCU enabled.
[    0.004000] RCU: Adjusting geometry for rcu_fanout_laf=1, nr_c_is=2
[    0.0000] NR_IRQ: 2444, nr_iqs: 40, preallocated irqs: 16
[   000400] Consolecolou VA+80x25
[    0.004000] console [tty1] enabled
[    0.004000] nsle [tt0]enabled[   0.004000] AI:Core reision 20170831
[    0.004000] ACPI: 2 ACPI AM tbles successflly acquired and loaded
[    0.0000] APIC: Switch to symmetric I/O mode setup
[    0.004277] x2apic enabled
[    0.008007] Switched APIC routing to physical x2apic.
[    0.012892] ..TIMER: vector=0x30 apic1=0 pin1=2 apic2=-1 pin2=-1
[    0.016006] tsc: Detected 1608.000 MHz processor
[    0.020016] Calibrating delay loop (skipped) preset value.. 3216.00 BogoMIPS (lpj=6432000)
[    0.024007] pid_max: default: 32768 minimum: 301
[    0.025359] Security Framework initialized
[    0.028008] Yama: becoming mindful.
[    0.032042] AppArmor: AppArmor initialized
[    0.036229] Dentry cache hash table entries: 131072 (order: 8, 1048576 bytes)
[    0.038223] Inode-cache hash table entries: 65536 (order: 7, 524288 bytes)
[    0.040024] Mount-cache hash table entries: 2048 (order: 2, 16384 bytes)
[    0.044013] Mountpoint-cache hash table entries: 2048 (order: 2, 16384 bytes)
[    0.046059] Last level iTLB entries: 4KB 64, 2MB 8, 4MB 8
[    0.048004] Last level dTLB entries: 4KB 64, 2MB 0, 4MB 0, 1GB 4
[    0.049823] Spectre V1 : Mitigation: usercopy/swapgs barriers and __user pointer sanitization
[    0.052008] Spectre V2 : Mitigation: Full generic retpoline
[    0.053436] Spectre V2 : Spectre v2 / SpectreRSB mitigation: Filling RSB on context switch
[    0.056007] Speculative Store Bypass: Vulnerable
[    0.060053] MDS: Vulnerable: Clear CPU buffers attempted, no microcode
[    0.064195] Freeing SMP alternatives memory: 36K
[    0.181809] smpboot: CPU0: Intel(R) Core(TM) i5-8210Y CPU @ 1.60GHz (family: 0x6, model: 0x8e, stepping: 0x9)
[    0.184097] Performance Events: unsupported p6 CPU model 142 no PMU driver, software events only.
[    0.188066] Hierarchical SRCU implementation.
[    0.189810] NMI watchdog: Perf event create on CPU 0 failed with -2
[    0.192006] NMI watchdog: Perf NMI watchdog permanently disabled
[    0.196077] smp: Bringing up secondary CPUs ...
[    0.200115] x86: Booting SMP configuration:
[    0.204013] .... node  #0, CPUs:      #1
[    0.004000] kvm-clock: cpu 1, msr 0:3ff44041, secondary cpu clock
[    0.218680] smp: Brought up 1 node, 2 CPUs
[    0.220028] smpboot: Max logical packages: 1
[    0.224005] smpboot: Total of 2 processors activated (6432.00 BogoMIPS)
[    0.228150] devtmpfs: initialized
[    0.232070] x86/mm: Memory block size: 128MB
[    0.236319] evm: security.selinux
[    0.240012] evm: security.SMACK64
[    0.244002] evm: security.SMACK64EXEC
[    0.248004] evm: security.SMACK64TRANSMUTE
[    0.252010] evm: security.SMACK64MMAP
[    0.253321] evm: security.apparmor
[    0.256008] evm: security.ima
[    0.257055] evm: security.capability
[    0.260131] clocksource: jiffies: mask: 0xffffffff max_cycles: 0xffffffff, max_idle_ns: 7645041785100000 ns
[    0.263355] futex hash table entries: 512 (order: 3, 32768 bytes)
[    0.265894] pinctrl core: initialized pinctrl subsystem
[    0.268127] RTC time:  5:14:10, date: 10/22/19
[    0.272198] NET: Registered protocol family 16
[    0.276102] audit: initializing netlink subsys (disabled)
[    0.280054] audit: type=2000 audit(1571721251.930:1): state=initialized audit_enabled=0 res=1
[    0.316011] cpuidle: using governor ladder
[    0.320014] cpuidle: using governor menu
[    0.321175] ACPI: bus type PCI registered
[    0.324007] acpiphp: ACPI Hot Plug PCI Controller Driver version: 0.5
[    0.328127] PCI: Using configuration type 1 for base access
[    0.332898] HugeTLB registered 2.00 MiB page size, pre-allocated 0 pages
[    0.336106] ACPI: Added _OSI(Module Device)
[    0.340004] ACPI: Added _OSI(Processor Device)
[    0.344005] ACPI: Added _OSI(3.0 _SCP Extensions)
[    0.348007] ACPI: Added _OSI(Processor Aggregator Device)
[    0.352009] ACPI: Added _OSI(Linux-Dell-Video)
[    0.356013] ACPI: Added _OSI(Linux-Lenovo-NV-HDMI-Audio)
[    0.360011] ACPI: Added _OSI(Linux-HPI-Hybrid-Graphics)
[    0.364410] ACPI: Executed 1 blocks of module-level executable AML code
[    0.372998] ACPI: Interpreter enabled
[    0.376022] ACPI: (supports S0 S5)
[    0.380005] ACPI: Using IOAPIC for interrupt routing
[    0.384219] PCI: Using host bridge windows from ACPI; if necessary, use "pci=nocrs" and report a bug
[    0.388311] ACPI: Enabled 2 GPEs in block 00 to 07
[    0.399793] ACPI: PCI Root Bridge [PCI0] (domain 0000 [bus 00-ff])
[    0.400020] acpi PNP0A03:00: _OSC: OS supports [ASPM ClockPM Segments MSI]
[    0.404058] acpi PNP0A03:00: _OSC: not requesting OS control; OS requires [ExtendedConfig ASPM ClockPM MSI]
[    0.408021] acpi PNP0A03:00: fail to add MMCONFIG information, can't access extended PCI configuration space under this bridge.
[    0.412583] PCI host bridge to bus 0000:00
[    0.414049] pci_bus 0000:00: root bus resource [io  0x0000-0x0cf7 window]
[    0.416010] pci_bus 0000:00: root bus resource [io  0x0d00-0xffff window]
[    0.418564] pci_bus 0000:00: root bus resource [mem 0x000a0000-0x000bffff window]
[    0.420008] pci_bus 0000:00: root bus resource [mem 0x40000000-0xfdffffff window]
[    0.424013] pci_bus 0000:00: root bus resource [bus 00-ff]
[    0.432061] pci 0000:00:01.1: legacy IDE quirk: reg 0x10: [io  0x01f0-0x01f7]
[    0.436012] pci 0000:00:01.1: legacy IDE quirk: reg 0x14: [io  0x03f6]
[    0.440006] pci 0000:00:01.1: legacy IDE quirk: reg 0x18: [io  0x0170-0x0177]
[    0.444009] pci 0000:00:01.1: legacy IDE quirk: reg 0x1c: [io  0x0376]
[    0.482690] pci 0000:00:07.0: quirk: [io  0x4000-0x403f] claimed by PIIX4 ACPI
[    0.484036] pci 0000:00:07.0: quirk: [io  0x4100-0x410f] claimed by PIIX4 SMB
[    0.500947] ACPI: PCI Interrupt Link [LNKA] (IRQs 5 9 10 *11)
[    0.508109] ACPI: PCI Interrupt Link [LNKB] (IRQs 5 9 *10 11)
[    0.509801] ACPI: PCI Interrupt Link [LNKC] (IRQs 5 *9 10 11)
[    0.512157] ACPI: PCI Interrupt Link [LNKD] (IRQs 5 9 10 *11)
[    0.516394] SCSI subsystem initialized
[    0.520074] pci 0000:00:02.0: vgaarb: setting as boot VGA device
[    0.524000] pci 0000:00:02.0: vgaarb: VGA device added: decodes=io+mem,owns=io+mem,locks=none
[    0.524012] pci 0000:00:02.0: vgaarb: bridge control possible
[    0.528009] vgaarb: loaded
[    0.532066] ACPI: bus type USB registered
[    0.533164] usbcore: registered new interface driver usbfs
[    0.536011] usbcore: registered new interface driver hub
[    0.537322] usbcore: registered new device driver usb
[    0.540035] EDAC MC: Ver: 3.0.0
[    0.541509] PCI: Using ACPI for IRQ routing
[    0.541927] NetLabel: Initializing
[    0.544003] NetLabel:  domain hash size = 128
[    0.545445] NetLabel:  protocols = UNLABELED CIPSOv4 CALIPSO
[    0.548035] NetLabel:  unlabeled traffic allowed by default
[    0.552122] clocksource: Switched to clocksource kvm-clock
[    0.568373] VFS: Disk quotas dquot_6.6.0
[    0.569487] VFS: Dquot-cache hash table entries: 512 (order 0, 4096 bytes)
[    0.571579] AppArmor: AppArmor Filesystem Enabled
[    0.573375] pnp: PnP ACPI init
[    0.576019] pnp: PnP ACPI: found 3 devices
[    0.590522] clocksource: acpi_pm: mask: 0xffffff max_cycles: 0xffffff, max_idle_ns: 2085701024 ns
[    0.593358] NET: Registered protocol family 2
[    0.594721] TCP established hash table entries: 8192 (order: 4, 65536 bytes)
[    0.596517] TCP bind hash table entries: 8192 (order: 5, 131072 bytes)
[    0.599773] TCP: Hash tables configured (established 8192 bind 8192)
[    0.601517] UDP hash table entries: 512 (order: 2, 16384 bytes)
[    0.603047] UDP-Lite hash table entries: 512 (order: 2, 16384 bytes)
[    0.605200] NET: Registered protocol family 1
[    0.606682] pci 0000:00:00.0: Limiting direct PCI/PCI transfers
[    0.608683] pci 0000:00:01.0: Activating ISA DMA hang workarounds
[    0.610945] pci 0000:00:02.0: Video device with shadowed ROM at [mem 0x000c0000-0x000dffff]
[    0.613216] Unpacking initramfs...
[    0.885490] Freeing initrd memory: 19680K
[    0.901692] clocksource: tsc: mask: 0xffffffffffffffff max_cycles: 0x172daa3a18b, max_idle_ns: 440795212390 ns
[    0.974300] platform rtc_cmos: registered platform RTC device (no PNP device found)
[    1.056212] Scanning for low memory corruption every 60 seconds
[    1.080459] Initialise system trusted keyrings
[    1.093485] Key type blacklist registered
[    1.094863] workingset: timestamp_bits=36 max_order=18 bucket_order=0
[    1.153441] zbud: loaded
[    1.173005] squashfs: version 4.0 (2009/01/31) Phillip Lougher
[    1.208573] fuse init (API version 7.26)
[    1.231736] Key type asymmetric registered
[    1.232867] Asymmetric key parser 'x509' registered
[    1.234117] Block layer SCSI generic (bsg) driver version 0.4 loaded (major 246)
[    1.236040] io scheduler noop registered
[    1.237043] io scheduler deadline registered
[    1.238138] io scheduler cfq registered (default)
[    1.239833] ACPI: AC Adapter [AC] (on-line)
[    1.257094] input: Power Button as /devices/LNXSYSTM:00/LNXPWRBN:00/input/input0
[    1.277207] ACPI: Power Button [PWRF]
[    1.284234] input: Sleep Button as /devices/LNXSYSTM:00/LNXSLPBN:00/input/input1
[    1.300822] ACPI: Sleep Button [SLPF]
[    1.315277] ACPI: Battery Slot [BAT0] (battery present)
[    1.316430] Serial: 8250/16550 driver, 32 ports, IRQ sharing enabled
[    1.376038] 00:02: ttyS0 at I/O 0x3f8 (irq = 4, base_baud = 115200) is a 16550A
[    1.381283] Linux agpgart interface v0.103
[    1.387097] loop: module loaded
[    1.390107] scsi host0: ata_piix
[    1.393784] scsi host1: ata_piix
[    1.395694] ata1: PATA max UDMA/33 cmd 0x1f0 ctl 0x3f6 bmdma 0xd000 irq 14
[    1.400273] ata2: PATA max UDMA/33 cmd 0x170 ctl 0x376 bmdma 0xd008 irq 15
[    1.406086] libphy: Fixed MDIO Bus: probed
[    1.416444] tun: Universal TUN/TAP device driver, 1.6
[    1.419910] PPP generic driver version 2.4.2
[    1.422179] ehci_hcd: USB 2.0 'Enhanced' Host Controller (EHCI) Driver
[    1.428326] ehci-pci: EHCI PCI platform driver
[    1.432971] ehci-platform: EHCI generic platform driver
[    1.435570] ohci_hcd: USB 1.1 'Open' Host Controller (OHCI) Driver
[    1.445859] ohci-pci: OHCI PCI platform driver
[    1.449757] ohci-platform: OHCI generic platform driver
[    1.463106] uhci_hcd: USB Universal Host Controller Interface driver
[    1.474632] i8042: PNP: PS/2 Controller [PNP0303:PS2K,PNP0f03:PS2M] at 0x60,0x64 irq 1,12
[    1.543517] serio: i8042 KBD port at 0x60,0x64 irq 1
[    1.575949] serio: i8042 AUX port at 0x60,0x64 irq 12
[    1.593727] mousedev: PS/2 mouse device common for all mice
[    1.595476] input: AT Translated Set 2 keyboard as /devices/platform/i8042/serio0/input/input2
[    1.598527] rtc_cmos rtc_cmos: rtc core: registered rtc_cmos as rtc0
[    1.6485]rt_cosrt_cos aars up o ne da, 114 bytes nvram
[    1.976920] i2c /dev entries driver
[    1.993299] device-mapper: uevent: version 1.0.3
[    2.000776] device-mapper: ioctl: 4.37.0-ioctl (2017-09-20) initialised: dm-devel@redhat.com
[    2.017964] ledtrig-cpu: registered to indicate activity on CPUs
[    2.025070] NET: Registered protocol family 10
[    2.052749] Segment Routing with IPv6
[    2.076426] NET: Registered protocol family 17
[    2.077928] Key type dns_resolver registered
[    2.116296] mce: Using 0 MCE banks
[    2.136786] RAS: Correctable Errors collector initialized.
[    2.186068] sched_clock: Marking stable (2186036360, 0)->(7775428599, -5589392239)
[    2.189344] registered taskstats version 1
[    2.209578] Loading compiled-in X.509 certificates
[    2.252637] Loaded X.509 cert 'Build time autogenerated kernel key: 3a65b6a3c8b5d6b297d77c25be9161529933bc49'
[    2.321450] zswap: loaded using pool lzo/zbud
[    2.361510] Key type big_key registered
[    2.373465] Key type trusted registered
[    2.394457] Key type encrypted registered
[    2.407170] AppArmor: AppArmor sha1 policy hashing enabled
[    2.439535] ima: No TPM chip found, activating TPM-bypass! (rc=-19)
[    2.468739] ima: Allocated hash algorithm: sha1
[    2.470303] evm: HMAC attrs: 0x1
[    2.471906]   Magic number: 7:374:214
[    2.473358] rtc_cmos rtc_cmos: setting system clock to 2019-10-22 05:14:13 UTC (1571721253)
[    2.476662] BIOS EDD facility v0.16 2004-Jun-25, 0 devices found
[    2.485477] EDD information not available.
[    2.489754] Freeing unused kernel image memory: 2436K
[    2.512382] Write protecting the kernel read-only data: 20480k
[    2.516537] Freeing unused kernel image memory: 2008K
[    2.519739] Freeing unused kernel image memory: 1888K
[    2.536572] x86/mm: Checked W+X mappings: passed, no W+X pages found.
[    2.540313] x86/mm: Checking user space page tables
[    3.004798] x86/mm: Checked W+X mappings: passed, no W+X pages found.
Loading, please wait...
starting version 237
[    4.035884] e1000: Intel(R) PRO/1000 Network Driver - version 7.3.21-k8-NAPI
[    4.038296] e1000: Copyright (c) 1999-2006 Intel Corporation.
[    4.042059] Fusion MPT base driver 3.04.20
[    4.045059] Copyright (c) 1999-2008 LSI Corporation
[    4.067846] AVX2 version of gcm_enc/dec engaged.
[    4.069520] AES CTR mode by8 optimization enabled
[    4.083667] Fusion MPT SPI Host driver 3.04.20
[    4.285892] input: ImExPS/2 Generic Explorer Mouse as /devices/platform/i8042/serio1/input/input4
[    4.488854] e1000 0000:00:03.0 eth0: (PCI:33MHz:32-bit) 02:8e:15:2e:ea:07
[    4.496545] e1000 0000:00:03.0 eth0: Intel(R) PRO/1000 Network Connection
[    5.018726] e1000 0000:00:08.0 eth1: (PCI:33MHz:32-bit) 08:00:27:8a:b1:d6
[    6.228430] e1000 0000:00:08.0 eth1: Intel(R) PRO/1000 Network Connection
[    7.018074] e1000 0000:00:08.0 enp0s8: renamed from eth1
[    7.030789] mptbase: ioc0: Initiating bringup
[    7.062576] e1000 0000:00:03.0 enp0s3: renamed from eth0
[    7.140643] ioc0: LSI53C1030 A0: Capabilities={Initiator}
[    7.416873] scsi host2: ioc0: LSI53C1030 A0, FwRev=00000000h, Ports=1, MaxQ=256, IRQ=20
[    7.621331] scsi 2:0:0:0: Direct-Access     VBOX     HARDDISK         1.0  PQ: 0 ANSI: 5
[    8.264552] scsi target2:0:0: Beginning Domain Validation
[    8.268460] scsi target2:0:0: Domain Validation skipping write tests
[    8.271398] scsi target2:0:0: Ending Domain Validation
[    8.713819] scsi target2:0:0: asynchronous
[    9.064666] scsi 2:0:1:0: Direct-Access     VBOX     HARDDISK         1.0  PQ: 0 ANSI: 5
[    9.412330] scsi target2:0:1: Beginning Domain Validation
[    9.866290] random: fast init done
[   10.438966] scsi target2:0:1: Domain Validation skipping write tests
[   11.321937] scsi target2:0:1: Ending Domain Validation
[   11.631370] scsi target2:0:1: asynchronous
[   12.019674] random: systemd-udevd: uninitialized urandom read (16 bytes read)
[   12.058021] sd 2:0:0:0: Attached scsi generic sg0 type 0
[   12.062274] random: systemd-udevd: uninitialized urandom read (16 bytes read)
[   12.064121] sd 2:0:1:0: Attached scsi generic sg1 type 0
[   12.090993] random: systemd-udevd: uninitialized urandom read (16 bytes read)
[   12.092848] sd 2:0:0:0: [sda] 20971520 512-byte logical blocks: (10.7 GB/10.0 GiB)
[   12.127380] sd 2:0:0:0: [sda] Write Protect is off
[   12.152031] sd 2:0:1:0: [sdb] 20480 512-byte logical blocks: (10.5 MB/10.0 MiB)
[   12.156409] sd 2:0:0:0: [sda] Incomplete mode parameter data
[   12.204317] sd 2:0:0:0: [sda] Assuming drive cache: write through
[   12.219799] sd 2:0:1:0: [sdb] Write Protect is off
[   12.283735] sd 2:0:1:0: [sdb] Incomplete mode parameter data
[   12.285272]  sda: sda1
[   12.286596] sd 2:0:1:0: [sdb] Assuming drive cache: write through
[   12.334225] sd 2:0:0:0: [sda] Attached SCSI disk
[   12.363445] sd 2:0:1:0: [sdb] Attached SCSI disk
Begin: Loading essential drivers ... [   13.876215] raid6: sse2x1   gen() 11985 MB/s
[   13.956175] raid6: sse2x1   xor()  8692 MB/s
[   14.028542] raid6: sse2x2   gen() 13921 MB/s
[   14.080175] raid6: sse2x2   xor()  9788 MB/s
[   14.160221] raid6: sse2x4   gen() 17012 MB/s
[   14.244062] raid6: sse2x4   xor()  6839 MB/s
[   14.292237] raid6: avx2x1   gen() 20161 MB/s
[   14.344230] raid6: avx2x1   xor() 16528 MB/s
[   14.424539] raid6: avx2x2   gen() 29395 MB/s
[   14.476213] raid6: avx2x2   xor() 17730 MB/s
[   14.532039] raid6: avx2x4   gen() 32048 MB/s
[   14.600045] raid6: avx2x4   xor() 20238 MB/s
[   14.622239] raid6: using algorithm avx2x4 gen() 32048 MB/s
[   14.650130] raid6: .... xor() 20238 MB/s, rmw enabled
[   14.651638] raid6: using avx2x2 recovery algorithm
[   14.687653] xor: automatically using best checksumming function   avx       
[   14.741729] async_tx: api initialized (async)
done.
Begin: Running /scripts/init-premount ... done.
Begin: Mounting root file system ... Begin: Running /scripts/local-top ... done.
Begin: Running /scripts/local-premount ... [   14.842174] Btrfs loaded, crc32c=crc32c-intel
Scanning for Btrfs filesystems
done.
Warning: fsck not present, so skipping root file[   14.894681] EXT4-fs (sda1): mounted filesystem with ordered data mode. Opts: (null)
 system
done.
Begin: Running /scripts/local-bottom ... done.
Begin: Running /scripts/init-bottom ... done.
[   15.163338] ip_tables: (C) 2000-2006 Netfilter Core Team
[   15.257268] systemd[1]: systemd 237 running in system mode. (+PAM +AUDIT +SELINUX +IMA +APPARMOR +SMACK +SYSVINIT +UTMP +LIBCRYPTSETUP +GCRYPT +GNUTLS +ACL +XZ +LZ4 +SECCOMP +BLKID +ELFUTILS +KMOD -IDN2 +IDN -PCRE2 default-hierarchy=hybrid)
[   15.346020] systemd[1]: Detected virtualization oracle.
[   15.347397] systemd[1]: Detected architecture x86-64.

Welcome to [1mUbuntu 18.04.2 LTS[0m!

[   15.398445] systemd[1]: Set hostname to <ubuntu-bionic>.
[   15.834926] systemd[1]: Reached target Swap.
[[0;32m  OK  [0m] Reached target Swap.
[   15.840526] systemd[1]: Created slice System Slice.
[[0;32m  OK  [0m] Created slice System Slice.
[   15.869137] systemd[1]: Listening on LVM2 metadata daemon socket.
[[0;32m  OK  [0m] Listening on LVM2 metadata daemon socket.
[   15.895833] systemd[1]: Listening on Network Service Netlink Socket.
[[0;32m  OK  [0m] Listening on Network Service Netlink Socket.
[   15.901375] systemd[1]: Listening on udev Kernel Socket.
[[0;32m  OK  [0m] Listening on udev Kernel Socket.
[   15.905654] systemd[1]: Listening on LVM2 poll daemon socket.
[[0;32m  OK  [0m] Listening on LVM2 poll daemon socket.
[[0;32m  OK  [0m] Started Forward Password Requests to Wall Directory Watch.
[[0;32m  OK  [0m] Reached target System Time Synchronized.
[[0;32m  OK  [0m] Listening on Syslog Socket.
[[0;32m  OK  [0m] Listening on udev Control Socket.
[[0;32m  OK  [0m] Listening on /dev/initctl Compatibility Named Pipe.
[[0;32m  OK  [0m] Listening on Journal Socket.
         Starting udev Coldplug all Devices...
         Mounting Huge Pages File System...
         Starting Load Kernel Modules...
         Mounting POSIX Message Queue File System...
         Startin[   15.990576] Loading iSCSI transport class v2.0-870.
g Remount Root and Kernel File Systems...
[   16.018697] iscsi: registered transport (tcp)
         Mounting Kernel Debug File System...
[[0;32m  OK  [0m] Listening on Journal Socket (/dev/log).
[[0;32m  OK  [0m] Created slice system-serial\x2dgetty.slice.
[[0;32m  OK  [0m] Created slice User and Session Slice.
[[0;32m  OK  [0m] Reached target Slices.
[[0;32m  OK  [0m] Listening on[   16.032479] EXT4-fs (sda1): re-mounted. Opts: (null)
 Journal Audit Socket.
         Starting Create list of required st…ce nodes for the current kernel...
         Starting Set the console keyboard layout...
[[0;32m  OK  [0m] Reached target User and Group Name Lookups.
         Starting Journal Service...
         Starting Uncomplicated firewall...
[[0;32m  OK  [0m] Set up automount Arbitrary Executab…rmats File System Automount Point.
[[0;32m  OK  [0m] Listening on Device-mapper event daemon FIFOs.
         Starting Monitoring of LVM2 mirrors…n[   16.162368] iscsi: registered transport (iser)
g dmeventd or progress polling...
[[0;32m  OK  [0m] Started Journal Service.
[[0;32m  OK  [0m] Mounted Huge Pages File System.
[[0;32m  OK  [0m] Started Load Kernel Modules.
[[0;32m  OK  [0m] Mounted POSIX Message Queue File System.
[[0;32m  OK  [0m] Started Remount Root and Kernel File Systems.
[[0;32m  OK  [0m] Mounted Kernel Debug File System.
[[0;32m  OK  [0m] Started Create list of required sta…vice nodes for the current kernel.
[[0;32m  OK  [0m] Started Set the console keyboard layout.
[[0;32m  OK  [0m] Started Uncomplicated firewall.
[[0;32m  OK  [0m] Started udev Coldplug all Devices.
[[0;32m  OK  [0m] Started LVM2 metadata daemon.
         Starting Create Static Device Nodes in /dev...
         Starting Load/Save Random Seed...
         Mounting FUSE Control File System...
         Mounting Kernel Configuration File System...
         Starting Apply Kernel Variables...
         Starting Flush Journal to Persistent Storage...
[[0;32m  OK  [0m] Started Monitoring of LVM2 mirrors,…sing dmeventd or progress polling.
[[0;32m  OK  [0m] Started Create Static Device Nodes in /dev.
[[0;32m  OK  [0m] Started Load/Save Random Seed.
[[0;32m  OK  [0m] Mounted FUSE Control File System.
[[0;32m  OK  [0m] Mounted Kernel Configuration File System.
[[0;32m  OK  [0m] Started Apply Kernel Variables.
         Starting udev Kernel Device Manager...
[[0;32m  OK  [0m] Reached target Local File Systems (Pre).
[[0;32m  OK  [0m] Reached target Local File Systems.
         Starting ebtables ruleset management...
         Starting AppArmor initialization...
         Starting Tell Plymouth To Write Out Runtime Data...
         Starting Set console font and keymap...
[[0;32m  OK  [0m] Started udev Kernel Device Manager.
[[0;32m  OK  [0m] Started Dispatch Password Requests to Console Directory Watch.
[[0;32m  OK  [0m] Reached target Local Encrypted Volumes.
[[0;32m  OK  [0m] Started Tell Plymouth To Write Out Runtime Data.
[[0;32m  OK  [0m] Started Set console font and keymap.
[[0;32m  OK  [0m] Started ebtables ruleset management.
[[0;32m  OK  [0m] Found device /dev/ttyS0.
[[0;32m  OK  [0m] Started Flush Journal to Persistent Storage.
         Starting Create Volatile Files and Directories...
[[0;32m  OK  [0m] Started Create Volatile Files and Directories.
         Starting Update UTMP about System Boot/Shutdown...
[[0;32m  OK  [0m] Listening on Load/Save RF Kill Switch Status /dev/rfkill Watch.
[[0;32m  OK  [0m] Started Update UTMP about System Boot/Shutdown.
[[0;32m  OK  [0m] Started AppArmor initialization.
         Starting Initial cloud-init job (pre-networking)...
[   19.380884] cloud-init[532]: Cloud-init v. 19.1-1-gbaa47854-0ubuntu1~18.04.1 running 'init-local' at Tue, 22 Oct 2019 05:14:30 +0000. Up 19.12 seconds.
[[0;32m  OK  [0m] Started Initial cloud-init job (pre-networking).
[[0;32m  OK  [0m] Reached target Network (Pre).
         Starting Network Service...
[[0;32m  OK  [0m] Started Network Service.
         Starting Wait for Network to be Configured...
         Starting Network Name Resolution...
[[0;32m  OK  [0m] Started Network Name Resolution.
[[0;32m  OK  [0m] Reached target Host and Network Name Lookups.
[[0;32m  OK  [0m] Reached target Network.
[[0;32m  OK  [0m] Started Wait for Network to be Configured.
         Starting Initial cloud-init job (metadata service crawler)...
[   22.427935] cloud-init[698]: Cloud-init v. 19.1-1-gbaa47854-0ubuntu1~18.04.1 running 'init' at Tue, 22 Oct 2019 05:14:33 +0000. Up 22.12 seconds.
[   22.460442] cloud-init[698]: ci-info: ++++++++++++++++++++++++++++++++++++++Net device info+++++++++++++++++++++++++++++++++++++++
[   22.476400] cloud-init[698]: ci-info: +--------+------+-----------------------------+---------------+--------+-------------------+
[   22.480220] cloud-init[698]: ci-info: | Device |  Up  |           Address           |      Mask     | Scope  |     Hw-Address    |
[   22.492555] cloud-init[698]: ci-info: +--------+------+-----------------------------+---------------+--------+-------------------+
[   22.512257] cloud-init[698]: ci-info: | enp0s3 | True |          10.0.2.15          | 255.255.255.0 | global | 02:8e:15:2e:ea:07 |
[   22.515723] cloud-init[698]: ci-info: | enp0s3 | True |  fe80::8e:15ff:fe2e:ea07/64 |       .       |  link  | 02:8e:15:2e:ea:07 |
[   22.540505] cloud-init[698]: ci-info: | enp0s8 | True |        192.168.33.10        | 255.255.255.0 | global | 08:00:27:8a:b1:d6 |
[   22.549648] cloud-init[698]: ci-info: | enp0s8 | True | fe80::a00:27ff:fe8a:b1d6/64 |       .       |  link  | 08:00:27:8a:b1:d6 |
[   22.560642] cloud-init[698]: ci-info: |   lo   | True |          127.0.0.1          |   255.0.0.0   |  host  |         .         |
[   22.573745] cloud-init[698]: ci-info: |   lo   | True |           ::1/128           |       .       |  host  |         .         |
[   22.586461] cloud-init[698]: ci-info: +--------+------+-----------------------------+---------------+--------+-------------------+
[   22.617548] cloud-init[698]: ci-info: +++++++++++++++++++++++++++++Route IPv4 info+++++++++++++++++++++++++++++
[   22.620994] cloud-init[698]: ci-info: +-------+--------------+----------+-----------------+-----------+-------+
[   22.623715] cloud-init[698]: ci-info: | Route | Destination  | Gateway  |     Genmask     | Interface | Flags |
[   22.637943] cloud-init[698]: ci-info: +-------+--------------+----------+-----------------+-----------+-------+
[   22.640934] cloud-init[698]: ci-info: |   0   |   0.0.0.0    | 10.0.2.2 |     0.0.0.0     |   enp0s3  |   UG  |
[   22.643604] cloud-init[698]: ci-info: |   1   |   10.0.2.0   | 0.0.0.0  |  255.255.255.0  |   enp0s3  |   U   |
[   22.646391] cloud-init[698]: ci-info: |   2   |   10.0.2.2   | 0.0.0.0  | 255.255.255.255 |   enp0s3  |   UH  |
[   22.649626] cloud-init[698]: ci-info: |   3   | 192.168.33.0 | 0.0.0.0  |  255.255.255.0  |   enp0s8  |   U   |
[   22.668406] cloud-init[698]: ci-info: +-------+--------------+----------+-----------------+-----------+-------+
[   22.677077] cloud-init[698]: ci-info: +++++++++++++++++++Route IPv6 info+++++++++++++++++++
[   22.682427] cloud-init[698]: ci-info: +-------+-------------+---------+-----------+-------+
[   22.729024] cloud-init[698]: ci-info: | Route | Destination | Gateway | Interface | Flags |
[   22.756590] cloud-init[698]: ci-info: +-------+-------------+---------+-----------+-------+
[   22.788648] cloud-init[698]: ci-info: |   1   |  fe80::/64  |    ::   |   enp0s8  |   U   |
[   22.815052] cloud-init[698]: ci-info: |   2   |  fe80::/64  |    ::   |   enp0s3  |   U   |
[   22.857197] cloud-init[698]: ci-info: |   4   |    local    |    ::   |   enp0s3  |   U   |
[   22.865843] cloud-init[698]: ci-info: |   5   |    local    |    ::   |   enp0s8  |   U   |
[[0;32m  OK  [0m] Started Initial cloud-init job (metadata service crawler).
[   22.874973] cloud-init[698]: ci-info: |   6   |   ff00::/8  |    ::   |   enp0s8  |   U   |
[[   22.894183] cloud-init[698]: ci-info: |   7   |   ff00::/8  |    ::   |   enp0s3  |   U   |
[   22.894503] cloud-init[698]: ci-info: +-------+-------------+---------+-----------+-------+
[0;32m  OK  [0m] Reached target System Initialization.
[[0;32m  OK  [0m] Listening on Open-iSCSI iscsid Socket.
[[0;32m  OK  [0m] Listening on D-Bus System Message Bus Socket.
[[0;32m  OK  [0m] Started Daily Cleanup of Temporary Directories.
         Starting LXD - unix socket.
[[0;32m  OK  [0m] Started Daily apt download activities.
[[0;32m  OK  [0m] Started Daily apt upgrade and clean activities.
[[0;32m  OK  [0m] Listening on ACPID Listen Socket.
[[0;32m  OK  [0m] Started Discard unused blocks once a week.
[[0;32m  OK  [0m] Started ACPI Events Check.
[[0;32m  OK  [0m] Reached target Paths.
[[0;32m  OK  [0m] Listening on UUID daemon activation socket.
[[0;32m  OK  [0m] Started Message of the Day.
[[0;32m  OK  [0m] Reached target Timers.
         Starting Socket activation for snappy daemon.
[[0;32m  OK  [0m] Reached target Cloud-config availability.
[[0;32m  OK  [0m] Reached target Network is Online.
         Starting Availability of block devices...
[[0;32m  OK  [0m] Reached target Remote File Systems (Pre).
[[0;32m  OK  [0m] Reached target Remote File Systems.
[[0;32m  OK  [0m] Listening on LXD - unix socket.
[[0;32m  OK  [0m] Listening on Socket activation for snappy daemon.
[[0;32m  OK  [0m] Reached target Sockets.
[[0;32m  OK  [0m] Reached target Basic System.
         Starting vboxadd.service...
         Starting Dispatcher daemon for systemd-networkd...
[[0;32m  OK  [0m] Started Deferred execution scheduler.
[[0;32m  OK  [0m] Started irqbalance daemon.
         Starting Login Service...
         Starting LSB: Record successful boot for GRUB...
         Starting OpenBSD Secure Shell server...
[[0;32m  OK  [0m] Started D-Bus System Message Bus.
[[0;32m  OK  [0m] Started Login Service.
[[0;32m  OK  [0m] Started Unattended Upgrades Shutdown.
         Starting LSB: automatic crash report generation...
[[0;32m  OK  [0m] Started Regular background program processing daemon.
         Starting Permit User Sessions...
         Starting Snappy daemon...
[[0;32m  OK  [0m] Started FUSE filesystem for LXC.
         Starting Accounts Service...
         Starting System Logging Service...
         Starting LXD - container startup/shutdown...
[[0;32m  OK  [0m] Started Availability of block devices.
[[0;32m  OK  [0m] Started OpenBSD Secure Shell server.
[[0;32m  OK  [0m] Started Permit User Sessions.
         Starting Terminate Plymouth Boot Screen...
         Starting Hold until boot process finishes up...
[[0;32m  OK  [0m] Started Hold until boot process finishes up.
[[0;32m  OK  [0m] Started System Logging Service.
[[0;32m  OK  [0m] Started Terminate Plymouth Boot Screen.
         Starting Set console scheme...
[[0;32m  OK  [0m] Started Serial Getty on ttyS0.
         Starting Authorization Manager...
[[0;32m  OK  [0m] Started Set console scheme.
[[0;32m  OK  [0m] Created slice system-getty.slice.
[[0;32m  OK  [0m] Started Getty on tty1.
[[0;32m  OK  [0m] Reached target Login Prompts.
[[0;32m  OK  [0m] Started LSB: Record successful boot for GRUB.
[[0;32m  OK  [0m] Started LSB: automatic crash report generation.
[[0;32m  OK  [0m] Started Authorization Manager.
[[0;32m  OK  [0m] Started Accounts Service.
[[0;32m  OK  [0m] Created slice User Slice of vagrant.
[[0;32m  OK  [0m] Started LXD - container startup/shutdown.
         Starting User Manager for UID 1000...
[[0;32m  OK  [0m] Started Session 1 of user vagrant.
[[0;32m  OK  [0m] Started Snappy daemon.
         Starting Wait until snapd is fully seeded...
[[0;32m  OK  [0m] Started Dispatcher daemon for systemd-networkd.
[[0;32m  OK  [0m] Started Wait until snapd is fully seeded.
[[0;32m  OK  [0m] Started vboxadd.service.
         Starting vboxadd-service.service...
         Starting Apply the settings specified in cloud-config...
[[0;32m  OK  [0m] Started User Manager for UID 1000.
[[0;32m  OK  [0m] Started vboxadd-service.service.
[[0;32m  OK  [0m] Reached target Multi-User System.
[[0;32m  OK  [0m] Reached target Graphical Interface.
         Starting Update UTMP about System Runlevel Changes...
[[0;32m  OK  [0m] Started Update UTMP about System Runlevel Changes.
[   25.180487] cloud-init[1082]: Cloud-init v. 19.1-1-gbaa47854-0ubuntu1~18.04.1 running 'modules:config' at Tue, 22 Oct 2019 05:14:36 +0000. Up 24.99 seconds.
[[0;32m  OK  [0m] Started Apply the settings specified in cloud-config.
         Starting Execute cloud user/final scripts...
[   25.944108] cloud-init[1167]: Cloud-init v. 19.1-1-gbaa47854-0ubuntu1~18.04.1 running 'modules:final' at Tue, 22 Oct 2019 05:14:36 +0000. Up 25.77 seconds.
[   25.962483] cloud-init[1167]: Cloud-init v. 19.1-1-gbaa47854-0ubuntu1~18.04.1 finished at Tue, 22 Oct 2019 05:14:36 +0000. Datasource DataSourceNoCloud [seed=/dev/sdb][dsmode=net].  Up 25.93 seconds
[[0;32m  OK  [0m] Started Execute cloud user/final scripts.
[[0;32m  OK  [0m] Reached target Cloud-init target.

Ubuntu 18.04.2 LTS ubuntu-bionic ttyS0

ubuntu-bionic login:          Stopping Authorization Manager...
         Stopping Session 22 of user vagrant.
         Stopping Session 28 of user vagrant.
[[0;32m  OK  [0m] Stopped target Host and Network Name Lookups.
         Stopping Availability of block device.[[0;32m  OK  [0m] Unmounted /var/lib/lxcfs.
[[0;32m  OK  [0m] Stopped Dispatcher daemon for systemd-networkd.
[[0;32m  OK  [0m] Stopped Deferred execution scheduler.
[[0;32m  OK  [0m] Stopped irqbalance daemon.
[[0;32m  OK  [0m] Stopped Regular background program processing daemon.
[[0;32m  OK  [0m] Stopped Accounts Service.
[[0;32m  OK  [0m] Stopped Unattended Upgrades Shutdown.
[[0;32m  OK  [0m] Stopped System Logging Service.
[[0;32m  OK  [0m] Stopped OpenBSD Secure Shell server.
[[0;32m  OK  [0m] Stopped Serial Getty on ttyS0.
[[0;32m  OK  [0m] Stopped Authorization Manager.
[[0;32m  OK  [0m] Stopped Getty on tty1.
[[0;32m  OK  [0m] Stopped User Manager for UID 1000.
[[0;32m  OK  [0m] Stopped Availability of block devices.
[[0;32m  OK  [0m] Stopped D-Bus System Message Bus.
[[0;32m  OK  [0m] Stopped FUSE filesystem for LXC.
[[0;32m  OK  [0m] Stopped Session 22 of user vagrant.
[[0;32m  OK  [0m] Stopped Session 28 of user vagrant.
[[0;32m  OK  [0m] Removed slice User Slice of vagrant.
[[0;32m  OK  [0m] Removed slice system-getty.slice.
         Stopping Permit User Sessions...
[[0;32m  OK  [0m] Removed slice system-serial\x2dgetty.slice.
         Stopping Login Service...
[[0;32m  OK  [0m] Stopped LXD - container startup/shutdown.
[[0;32m  OK  [0m] Stopped Permit User Sessions.
[[0;32m  OK  [0m] Stopped target Network.
         Stopping Network Name Resolution...
[[0;32m  OK  [0m] Stopped Network Name Resolution.
[[0;32m  OK  [0m] Stopped Login Service.
[[0;32m  OK  [0m] Stopped LSB: automatic crash report generation.
[[0;32m  OK  [0m] Stopped LSB: Record successful boot for GRUB.
[[0;32m  OK  [0m] Stopped target Remote File Systems.
[[0;32m  OK  [0m] Stopped target Remote File Systems (Pre).
[[0;32m  OK  [0m] Stopped target User and Group Name Lookups.
         Stopping Network Service...
[[0;32m  OK  [0m] Stopped Network Service.
[[0;32m  OK  [0m] Stopped target Network (Pre).
[[0;32m  OK  [0m] Stopped vboxadd-service.service.
         Stopping vboxadd.service...
[[0;32m  OK  [0m] Unmounted /vagrant.
[[0;32m  OK  [0m] Stopped vboxadd.service.
[[0;32m  OK  [0m] Stopped target Basic System.
[[0;32m  OK  [0m] Stopped target Slices.
[[0;32m  OK  [0m] Removed slice User and Session Slice.
[[0;32m  OK  [0m] Stopped target Paths.
[[0;32m  OK  [0m] Stopped ACPI Events Check.
[[0;32m  OK  [0m] Stopped target Sockets.
[[0;32m  OK  [0m] Closed Open-iSCSI iscsid Socket.
[[0;32m  OK  [0m] Closed ACPID Listen Socket.
[[0;32m  OK  [0m] Closed LXD - unix socket.
[[0;32m  OK  [0m] Closed Syslog Socket.
[[0;32m  OK  [0m] Closed UUID daemon activation socket.
[[0;32m  OK  [0m] Closed D-Bus System Message Bus Socket.
[[0;32m  OK  [0m] Closed Socket activation for snappy daemon.
[[0;32m  OK  [0m] Stopped target System Initialization.
         Stopping Update UTMP about System Boot/Shutdown...
         Stopping Load/Save Random Seed...
[[0;32m  OK  [0m] Stopped Initial cloud-init job (metadata service crawler).
[[0;32m  OK  [0m] Stopped Initial cloud-init job (pre-networking).
[[0;32m  OK  [0m] Stopped Apply Kernel Variables.
[[0;32m  OK  [0m] Stopped Load Kernel Modules.
[[0;32m  OK  [0m] Stopped target Local Encrypted Volumes.
[[0;32m  OK  [0m] Stopped Dispatch Password Requests to Console Directory Watch.
[[0;32m  OK  [0m] Stopped Forward Password Requests to Wall Directory Watch.
[[0;32m  OK  [0m] Stopped Load/Save Random Seed.
[[0;32m  OK  [0m] Stopped Update UTMP about System Boot/Shutdown.
[[0;32m  OK  [0m] Stopped Create Volatile Files and Directories.
[[0;32m  OK  [0m] Stopped target Local File Systems.
         Unmounting /run/user/1000...
[[0;32m  OK  [0m] Unmounted /run/user/1000.
[[0;32m  OK  [0m] Reached target Unmount All Filesystems.
[[0;32m  OK  [0m] Stopped target Local File Systems (Pre).
[[0;32m  OK  [0m] Stopped Remount Root and Kernel File Systems.
[[0;32m  OK  [0m] Stopped Create Static Device Nodes in /dev.
         Stopping Monitoring of LVM2 mirrors…ng dmeventd or progress polling...
[[0;32m  OK  [0m] Stopped target Swap.
[[0;32m  OK  [0m] Reached target Shutdown.
[[0;32m  OK  [0m] Reached target Final Step.
         Starting Power-Off...
[54150.842708] reboot: Power down
